#
# An unexpected error has occurred (6)
#
Stack:
/usr/lib/libc.so.6(+0x3e4d0) [0x7f09da63e4d0]
/usr/lib/libc.so.6(+0x9890c) [0x7f09da69890c]
/usr/lib/libc.so.6(gsignal+0x20) [0x7f09da63e3a0]
/usr/lib/libc.so.6(abort+0x26) [0x7f09da62557a]
/home/pablo/documents/xilinx/2025.1/Vivado/lib/lnx64.o/Default/libstdc++.so.6(+0x8ba13) [0x7f09dae8ba13]
/home/pablo/documents/xilinx/2025.1/Vivado/lib/lnx64.o/Default/libstdc++.so.6(+0x91b86) [0x7f09dae91b86]
/home/pablo/documents/xilinx/2025.1/Vivado/lib/lnx64.o/Default/libstdc++.so.6(+0x91bc1) [0x7f09dae91bc1]
/home/pablo/documents/xilinx/2025.1/Vivado/lib/lnx64.o/Default/libstdc++.so.6(+0x91df4) [0x7f09dae91df4]
/home/pablo/documents/xilinx/2025.1/Vivado/lib/lnx64.o/libboost_filesystem.so.1.72.0(+0x99e1) [0x7f09e3daa9e1]
/home/pablo/documents/xilinx/2025.1/Vivado/lib/lnx64.o/libboost_filesystem.so.1.72.0(boost::filesystem::detail::current_path(boost::system::error_code*)+0x176) [0x7f09e3db24e6]
/home/pablo/documents/xilinx/2025.1/Vivado/lib/lnx64.o/libxv_boost_xilinx.so(boost::xilinx::filesystem::is_writeable(boost::filesystem::path const&)+0x18e) [0x7f09e4f6700e]
/home/pablo/documents/xilinx/2025.1/Vivado/lib/lnx64.o/libxv_common.so(HUTEnv::getHDITmpDir[abi:cxx11](bool&)+0x52) [0x7f09e4589d62]
/home/pablo/documents/xilinx/2025.1/Vivado/lib/lnx64.o/libxv_common.so(HUTEnv::getHDITmpDir[abi:cxx11]()+0x15) [0x7f09e4589f95]
/home/pablo/documents/xilinx/2025.1/Vivado/lib/lnx64.o/libxv_coretasks.so(core::uninit()+0x102) [0x7f099de259c2]
/home/pablo/documents/xilinx/2025.1/Vivado/lib/lnx64.o/libxv_coretasks.so(+0x3e09d9) [0x7f099dde09d9]
/home/pablo/documents/xilinx/2025.1/Vivado/lib/lnx64.o/libtcl8.6.so(+0xc8549) [0x7f09e0f09549]
/home/pablo/documents/xilinx/2025.1/Vivado/lib/lnx64.o/libtcl8.6.so(Tcl_Exit+0x56) [0x7f09e0f0a436]
/home/pablo/documents/xilinx/2025.1/Vivado/lib/lnx64.o/libtcl8.6.so(+0x524d7) [0x7f09e0e934d7]
/home/pablo/documents/xilinx/2025.1/Vivado/lib/lnx64.o/libtcl8.6.so(TclNRRunCallbacks+0x47) [0x7f09e0e84497]
/home/pablo/documents/xilinx/2025.1/Vivado/lib/lnx64.o/libtcl8.6.so(Tcl_RecordAndEvalObj+0xd4) [0x7f09e0f20214]
/home/pablo/documents/xilinx/2025.1/Vivado/lib/lnx64.o/libxv_commontasks.so(+0x364945) [0x7f09d7d64945]
/home/pablo/documents/xilinx/2025.1/Vivado/lib/lnx64.o/libtcl8.6.so(Tcl_MainEx+0x59a) [0x7f09e0f4342a]
/home/pablo/documents/xilinx/2025.1/Vivado/lib/lnx64.o/libxv_common.so(+0xbc147e) [0x7f09e49c147e]
/usr/lib/libc.so.6(+0x9698b) [0x7f09da69698b]
/usr/lib/libc.so.6(+0x11a9cc) [0x7f09da71a9cc]
